<?xml version="1.0" encoding="UTF-8"?>
<robot generator="Robot 7.2.2 (Python 3.13.2 on win32)" generated="2025-04-21T19:49:42.222217" rpa="false" schemaversion="5">
<suite id="s1" name="Get" source="d:\VS_Code\Training\Kokela\Robot_framework\Rest_API\Get.robot">
<test id="s1-t1" name="Get_request" line="9">
<kw name="Create Session" owner="RequestsLibrary">
<msg time="2025-04-21T19:49:43.380014" level="INFO">Creating Session using : alias=abc, url=https://thetestingworldapi.com/, headers={},                     cookies={}, auth=None, timeout=None, proxies=None, verify=False,                     debug=0 </msg>
<arg>abc</arg>
<arg>${base_url}</arg>
<doc>Create Session: create a HTTP session to a server</doc>
<status status="PASS" start="2025-04-21T19:49:43.376994" elapsed="0.009985"/>
</kw>
<kw name="GET On Session" owner="RequestsLibrary">
<msg time="2025-04-21T19:49:43.703319" level="INFO">GET Request : url=https://thetestingworldapi.com/api/studentsDetails 
 path_url=/api/studentsDetails 
 headers={'User-Agent': 'python-requests/2.32.3', 'Accept-Encoding': 'gzip, deflate', 'Accept': '*/*', 'Connection': 'keep-alive'} 
 body=None 
 </msg>
<msg time="2025-04-21T19:49:43.706035" level="INFO">GET Response : url=https://thetestingworldapi.com/api/studentsDetails 
 status=200, reason=OK 
 headers={'Cache-Control': 'no-cache', 'Pragma': 'no-cache', 'Content-Type': 'application/json; charset=utf-8', 'Expires': '-1', 'Server': 'Microsoft-IIS/10.0', 'X-AspNet-Version': '4.0.30319', 'X-Powered-By': 'ASP.NET', 'X-Powered-By-Plesk': 'PleskWin', 'Date': 'Mon, 21 Apr 2025 14:19:42 GMT', 'Content-Length': '14203'} 
 body=[{"id":10529475,"first_name":"student","middle_name":"middle","last_name":"last","date_of_birth":"test date"},{"id":10529474,"first_name":"student","middle_name":"middle","last_name":"last","date_of_birth":"test date"},{"id":10529460,"first_name":"Kathleen","middle_name":"Rodolfo","last_name":"Koepp","date_of_birth":"1976-03-21"},{"id":10529455,"first_name":"sample string 2","middle_name":"sample string 3","last_name":"sample string 4","date_of_birth":"sample string 5"},{"id":10529454,"first_name":"sample string 2","middle_name":"sample string 3","last_name":"sample string 4","date_of_birth":"sample string 5"},{"id":10529453,"first_name":"sample string 2","middle_name":"sample string 3","last_name":"sample string 4","date_of_birth":"sample string 5"},{"id":10529452,"first_name":"sample string 2","middle_name":"sample string 3","last_name":"sample string 4","date_of_birth":"sample string 5"},{"id":10529451,"first_name":"sample string 2","middle_name":"sample string 3","last_name":"sample string 4","date_of_birth":"sample string 5"},{"id":10529450,"first_name":"sample string 2","middle_name":"sample string 3","last_name":"sample string 4","date_of_birth":"sample string 5"},{"id":10529449,"first_name":"sample string 2","middle_name":"sample string 3","last_name":"sample string 4","date_of_birth":"sample string 5"},{"id":10529448,"first_name":"sample string 2","middle_name":"sample string 3","last_name":"sample string 4","date_of_birth":"sample string 5"},{"id":10529447,"first_name":"sample string 2","middle_name":"sample string 3","last_name":"sample string 4","date_of_birth":"sample string 5"},{"id":10529446,"first_name":"sample string 2","middle_name":"sample string 3","last_name":"sample string 4","date_of_birth":"sample string 5"},{"id":10529445,"first_name":"sample string 2","middle_name":"sample string 3","last_name":"sample string 4","date_of_birth":"sample string 5"},{"id":10529444,"first_name":"sample string 2","middle_name":"sample string 3","last_name":"sample string 4","date_of_birth":"sample string 5"},{"id":10529443,"first_name":"sample string 2","middle_name":"sample string 3","last_name":"sample string 4","date_of_birth":"sample string 5"},{"id":10529442,"first_name":"sample string 2","middle_name":"sample string 3","last_name":"sample string 4","date_of_birth":"sample string 5"},{"id":10529441,"first_name":"sample string 2","middle_name":"sample string 3","last_name":"sample string 4","date_of_birth":"sample string 5"},{"id":10529440,"first_name":"sample string 2","middle_name":"sample string 3","last_name":"sample string 4","date_of_birth":"sample string 5"},{"id":10529439,"first_name":"sample string 2","middle_name":"sample string 3","last_name":"sample string 4","date_of_birth":"sample string 5"},{"id":10529438,"first_name":"sample string 2","middle_name":"sample string 3","last_name":"sample string 4","date_of_birth":"sample string 5"},{"id":10529437,"first_name":"sample string 2","middle_name":"sample string 3","last_name":"sample string 4","date_of_birth":"sample string 5"},{"id":10529436,"first_name":"sample string 2","middle_name":"sample string 3","last_name":"sample string 4","date_of_birth":"sample string 5"},{"id":10529435,"first_name":"sample string 2","middle_name":"sample string 3","last_name":"sample string 4","date_of_birth":"sample string 5"},{"id":10529434,"first_name":"sample string 2","middle_name":"sample string 3","last_name":"sample string 4","date_of_birth":"sample string 5"},{"id":10529433,"first_name":"sample string 2","middle_name":"sample string 3","last_name":"sample string 4","date_of_birth":"sample string 5"},{"id":10529432,"first_name":"sample string 2","middle_name":"sample string 3","last_name":"sample string 4","date_of_birth":"sample string 5"},{"id":10529431,"first_name":"sample string 2","middle_name":"sample string 3","last_name":"sample string 4","date_of_birth":"sample string 5"},{"id":10529430,"first_name":"sample string 2","middle_name":"sample string 3","last_name":"sample string 4","date_of_birth":"sample string 5"},{"id":10529429,"first_name":"sample string 2","middle_name":"sample string 3","last_name":"sample string 4","date_of_birth":"sample string 5"},{"id":10529428,"first_name":"sample string 2","middle_name":"sample string 3","last_name":"sample string 4","date_of_birth":"sample string 5"},{"id":10529427,"first_name":"sample string 2","middle_name":"sample string 3","last_name":"sample string 4","date_of_birth":"sample string 5"},{"id":10529426,"first_name":"sample string 2","middle_name":"sample string 3","last_name":"sample string 4","date_of_birth":"sample string 5"},{"id":10529425,"first_name":"sample string 2","middle_name":"sample string 3","last_name":"sample string 4","date_of_birth":"sample string 5"},{"id":10529424,"first_name":"sample string 2","middle_name":"sample string 3","last_name":"sample string 4","date_of_birth":"sample string 5"},{"id":10529423,"first_name":"sample string 2","middle_name":"sample string 3","last_name":"sample string 4","date_of_birth":"sample string 5"},{"id":10529422,"first_name":"sample string 2","middle_name":"sample string 3","last_name":"sample string 4","date_of_birth":"sample string 5"},{"id":10529421,"first_name":"sample string 2","middle_name":"sample string 3","last_name":"sample string 4","date_of_birth":"sample string 5"},{"id":10529420,"first_name":"sample string 2","middle_name":"sample string 3","last_name":"sample string 4","date_of_birth":"sample string 5"},{"id":10529419,"first_name":"sample string 2","middle_name":"sample string 3","last_name":"sample string 4","date_of_birth":"sample string 5"},{"id":10529418,"first_name":"sample string 2","middle_name":"sample string 3","last_name":"sample string 4","date_of_birth":"sample string 5"},{"id":10529417,"first_name":"sample string 2","middle_name":"sample string 3","last_name":"sample string 4","date_of_birth":"sample string 5"},{"id":10529416,"first_name":"sample string 2","middle_name":"sample string 3","last_name":"sample string 4","date_of_birth":"sample string 5"},{"id":10529415,"first_name":"sample string 2","middle_name":"sample string 3","last_name":"sample string 4","date_of_birth":"sample string 5"},{"id":10529414,"first_name":"sample string 2","middle_name":"sample string 3","last_name":"sample string 4","date_of_birth":"sample string 5"},{"id":10529413,"first_name":"sample string 2","middle_name":"sample string 3","last_name":"sample string 4","date_of_birth":"sample string 5"},{"id":10529412,"first_name":"sample string 2","middle_name":"sample string 3","last_name":"sample string 4","date_of_birth":"sample string 5"},{"id":10529411,"first_name":"sample string 2","middle_name":"sample string 3","last_name":"sample string 4","date_of_birth":"sample string 5"},{"id":10529410,"first_name":"sample string 2","middle_name":"sample string 3","last_name":"sample string 4","date_of_birth":"sample string 5"},{"id":10529409,"first_name":"sample string 2","middle_name":"sample string 3","last_name":"sample string 4","date_of_birth":"sample string 5"},{"id":10529408,"first_name":"sample string 2","middle_name":"sample string 3","last_name":"sample string 4","date_of_birth":"sample string 5"},{"id":10529407,"first_name":"sample string 2","middle_name":"sample string 3","last_name":"sample string 4","date_of_birth":"sample string 5"},{"id":10529406,"first_name":"sample string 2","middle_name":"sample string 3","last_name":"sample string 4","date_of_birth":"sample string 5"},{"id":10529405,"first_name":"sample string 2","middle_name":"sample string 3","last_name":"sample string 4","date_of_birth":"sample string 5"},{"id":10529404,"first_name":"sample string 2","middle_name":"sample string 3","last_name":"sample string 4","date_of_birth":"sample string 5"},{"id":10529403,"first_name":"sample string 2","middle_name":"sample string 3","last_name":"sample string 4","date_of_birth":"sample string 5"},{"id":10529402,"first_name":"sample string 2","middle_name":"sample string 3","last_name":"sample string 4","date_of_birth":"sample string 5"},{"id":10529401,"first_name":"sample string 2","middle_name":"sample string 3","last_name":"sample string 4","date_of_birth":"sample string 5"},{"id":10529400,"first_name":"sample string 2","middle_name":"sample string 3","last_name":"sample string 4","date_of_birth":"sample string 5"},{"id":10529399,"first_name":"sample string 2","middle_name":"sample string 3","last_name":"sample string 4","date_of_birth":"sample string 5"},{"id":10529398,"first_name":"sample string 2","middle_name":"sample string 3","last_name":"sample string 4","date_of_birth":"sample string 5"},{"id":10529397,"first_name":"sample string 2","middle_name":"sample string 3","last_name":"sample string 4","date_of_birth":"sample string 5"},{"id":10529396,"first_name":"sample string 2","middle_name":"sample string 3","last_name":"sample string 4","date_of_birth":"sample string 5"},{"id":10529395,"first_name":"sample string 2","middle_name":"sample string 3","last_name":"sample string 4","date_of_birth":"sample string 5"},{"id":10529394,"first_name":"sample string 2","middle_name":"sample string 3","last_name":"sample string 4","date_of_birth":"sample string 5"},{"id":10529393,"first_name":"sample string 2","middle_name":"sample string 3","last_name":"sample string 4","date_of_birth":"sample string 5"},{"id":10529392,"first_name":"sample string 2","middle_name":"sample string 3","last_name":"sample string 4","date_of_birth":"sample string 5"},{"id":10529391,"first_name":"sample string 2","middle_name":"sample string 3","last_name":"sample string 4","date_of_birth":"sample string 5"},{"id":10529390,"first_name":"sample string 2","middle_name":"sample string 3","last_name":"sample string 4","date_of_birth":"sample string 5"},{"id":10529389,"first_name":"sample string 2","middle_name":"sample string 3","last_name":"sample string 4","date_of_birth":"sample string 5"},{"id":10529388,"first_name":"sample string 2","middle_name":"sample string 3","last_nam... (set the log level to DEBUG or TRACE to see the full content) 
 </msg>
<msg time="2025-04-21T19:49:43.708201" level="INFO">C:\Python\Lib\site-packages\urllib3\connectionpool.py:1097: InsecureRequestWarning: Unverified HTTPS request is being made to host 'thetestingworldapi.com'. Adding certificate verification is strongly advised. See: https://urllib3.readthedocs.io/en/latest/advanced-usage.html#tls-warnings
  warnings.warn(</msg>
<msg time="2025-04-21T19:49:43.710828" level="INFO">${response} = &lt;Response [200]&gt;</msg>
<var>${response}</var>
<arg>abc</arg>
<arg>api/studentsDetails</arg>
<doc>Sends a GET request on a previously created HTTP Session.</doc>
<status status="PASS" start="2025-04-21T19:49:43.391994" elapsed="0.320838"/>
</kw>
<kw name="Log To Console" owner="BuiltIn">
<arg>${response.status_code}</arg>
<doc>Logs the given message to the console.</doc>
<status status="PASS" start="2025-04-21T19:49:43.714731" elapsed="0.004955"/>
</kw>
<kw name="Log To Console" owner="BuiltIn">
<arg>${response.content}</arg>
<doc>Logs the given message to the console.</doc>
<status status="PASS" start="2025-04-21T19:49:43.721957" elapsed="0.009239"/>
</kw>
<kw name="Log To Console" owner="BuiltIn">
<arg>${response.headers}</arg>
<doc>Logs the given message to the console.</doc>
<status status="PASS" start="2025-04-21T19:49:43.733753" elapsed="0.003548"/>
</kw>
<status status="PASS" start="2025-04-21T19:49:43.372185" elapsed="0.370242"/>
</test>
<status status="PASS" start="2025-04-21T19:49:42.249058" elapsed="1.503620"/>
</suite>
<statistics>
<total>
<stat pass="1" fail="0" skip="0">All Tests</stat>
</total>
<tag>
</tag>
<suite>
<stat name="Get" id="s1" pass="1" fail="0" skip="0">Get</stat>
</suite>
</statistics>
<errors>
</errors>
</robot>
