<?xml version="1.0" encoding="UTF-8"?>
<robot generator="Robot 6.1 (Python 3.11.4 on win32)" generated="20250424 14:57:13.345" rpa="false" schemaversion="4">
<suite id="s1" name="Get" source="c:\VS_Code\Training\Multimize\Kokela\Robot_framework\Rest_API\Get.robot">
<test id="s1-t1" name="validate Json_content" line="26">
<kw name="Create Session" library="RequestsLibrary">
<arg>validate_studet_Details</arg>
<arg>${base_url}</arg>
<doc>Create Session: create a HTTP session to a server</doc>
<msg timestamp="20250424 14:57:13.963" level="INFO">Creating Session using : alias=validate_studet_Details, url=https://thetestingworldapi.com/, headers={},                     cookies={}, auth=None, timeout=None, proxies=None, verify=False,                     debug=0 </msg>
<status status="PASS" starttime="20250424 14:57:13.958" endtime="20250424 14:57:13.970"/>
</kw>
<kw name="GET On Session" library="RequestsLibrary">
<var>${response}</var>
<arg>validate_studet_Details</arg>
<arg>api/studentsDetails/${student_id}</arg>
<doc>Sends a GET request on a previously created HTTP Session.</doc>
<msg timestamp="20250424 14:57:16.339" level="INFO">GET Request : url=https://thetestingworldapi.com/api/studentsDetails/10529450 
 path_url=/api/studentsDetails/10529450 
 headers={'User-Agent': 'python-requests/2.31.0', 'Accept-Encoding': 'gzip, deflate', 'Accept': '*/*', 'Connection': 'keep-alive'} 
 body=None 
 </msg>
<msg timestamp="20250424 14:57:16.341" level="INFO">GET Response : url=https://thetestingworldapi.com/api/studentsDetails/10529450 
 status=200, reason=OK 
 headers={'Cache-Control': 'no-cache', 'Pragma': 'no-cache', 'Content-Type': 'application/json; charset=utf-8', 'Expires': '-1', 'Server': 'Microsoft-IIS/10.0', 'X-AspNet-Version': '4.0.30319', 'X-Powered-By': 'ASP.NET', 'X-Powered-By-Plesk': 'PleskWin', 'Date': 'Thu, 24 Apr 2025 09:27:16 GMT', 'Content-Length': '167'} 
 body={"status":"true","data":{"id":10529450,"first_name":"sample string 2","middle_name":"sample string 3","last_name":"sample string 4","date_of_birth":"sample string 5"}} 
 </msg>
<msg timestamp="20250424 14:57:16.341" level="INFO">C:\Python\Lib\site-packages\urllib3\connectionpool.py:1056: InsecureRequestWarning: Unverified HTTPS request is being made to host 'thetestingworldapi.com'. Adding certificate verification is strongly advised. See: https://urllib3.readthedocs.io/en/1.26.x/advanced-usage.html#ssl-warnings
  warnings.warn(</msg>
<msg timestamp="20250424 14:57:16.343" level="INFO">${response} = &lt;Response [200]&gt;</msg>
<status status="PASS" starttime="20250424 14:57:13.972" endtime="20250424 14:57:16.343"/>
</kw>
<kw name="Convert To String" library="BuiltIn">
<var>${acutal_code}</var>
<arg>${response.status_code}</arg>
<doc>Converts the given item to a Unicode string.</doc>
<msg timestamp="20250424 14:57:16.349" level="INFO">${acutal_code} = 200</msg>
<status status="PASS" starttime="20250424 14:57:16.345" endtime="20250424 14:57:16.349"/>
</kw>
<kw name="Should Be Equal" library="BuiltIn">
<arg>${acutal_code}</arg>
<arg>200</arg>
<doc>Fails if the given objects are unequal.</doc>
<status status="PASS" starttime="20250424 14:57:16.352" endtime="20250424 14:57:16.353"/>
</kw>
<kw name="To Json" library="RequestsLibrary">
<var>${json_response}</var>
<arg>${response.content}</arg>
<doc>*DEPRECATED* Please use ${resp.json()} instead. Have a look at the improved HTML output as pretty printing replacement.</doc>
<msg timestamp="20250424 14:57:16.354" level="WARN">Keyword 'RequestsLibrary.To Json' is deprecated. Please use ${resp.json()} instead. Have a look at the improved HTML output as pretty printing replacement.</msg>
<msg timestamp="20250424 14:57:16.359" level="INFO">To JSON using : content={"status":"true","data":{"id":10529450,"first_name":"sample string 2","middle_name":"sample string 3","last_name":"sample string 4","date_of_birth":"sample string 5"}} </msg>
<msg timestamp="20250424 14:57:16.359" level="INFO">To JSON using : pretty_print=False </msg>
<msg timestamp="20250424 14:57:16.359" level="INFO">${json_response} = {'status': 'true', 'data': {'id': 10529450, 'first_name': 'sample string 2', 'middle_name': 'sample string 3', 'last_name': 'sample string 4', 'date_of_birth': 'sample string 5'}}</msg>
<status status="PASS" starttime="20250424 14:57:16.354" endtime="20250424 14:57:16.362"/>
</kw>
<kw name="Get Value From Json" library="JSONLibrary">
<var>@{FN}</var>
<arg>${json_response}</arg>
<arg>data.first_name</arg>
<doc>Get Value From JSON using JSONPath</doc>
<msg timestamp="20250424 14:57:16.502" level="INFO">@{FN} = [ sample string 2 ]</msg>
<status status="PASS" starttime="20250424 14:57:16.364" endtime="20250424 14:57:16.504"/>
</kw>
<kw name="Get From List" library="Collections">
<var>${first_name}</var>
<arg>${FN}</arg>
<arg>0</arg>
<doc>Returns the value specified with an ``index`` from ``list``.</doc>
<msg timestamp="20250424 14:57:16.506" level="INFO">${first_name} = sample string 2</msg>
<status status="PASS" starttime="20250424 14:57:16.504" endtime="20250424 14:57:16.508"/>
</kw>
<kw name="Log To Console" library="BuiltIn">
<arg>${first_name}</arg>
<doc>Logs the given message to the console.</doc>
<status status="PASS" starttime="20250424 14:57:16.509" endtime="20250424 14:57:16.512"/>
</kw>
<kw name="Should Be Equal" library="BuiltIn">
<arg>${first_name}</arg>
<arg>sample string 2</arg>
<doc>Fails if the given objects are unequal.</doc>
<status status="PASS" starttime="20250424 14:57:16.514" endtime="20250424 14:57:16.516"/>
</kw>
<kw name="Get Value From Json" library="JSONLibrary">
<var>@{LN}</var>
<arg>${json_response}</arg>
<arg>data.last_name</arg>
<doc>Get Value From JSON using JSONPath</doc>
<msg timestamp="20250424 14:57:16.610" level="INFO">@{LN} = [ sample string 4 ]</msg>
<status status="PASS" starttime="20250424 14:57:16.518" endtime="20250424 14:57:16.612"/>
</kw>
<kw name="Get From List" library="Collections">
<var>${lastname}</var>
<arg>${LN}</arg>
<arg>0</arg>
<doc>Returns the value specified with an ``index`` from ``list``.</doc>
<msg timestamp="20250424 14:57:16.618" level="INFO">${lastname} = sample string 4</msg>
<status status="PASS" starttime="20250424 14:57:16.614" endtime="20250424 14:57:16.620"/>
</kw>
<kw name="Should Be Equal" library="BuiltIn">
<arg>${lastname}</arg>
<arg>sample string 4</arg>
<doc>Fails if the given objects are unequal.</doc>
<status status="PASS" starttime="20250424 14:57:16.622" endtime="20250424 14:57:16.625"/>
</kw>
<status status="PASS" starttime="20250424 14:57:13.953" endtime="20250424 14:57:16.628"/>
</test>
<status status="PASS" starttime="20250424 14:57:13.362" endtime="20250424 14:57:16.639"/>
</suite>
<statistics>
<total>
<stat pass="1" fail="0" skip="0">All Tests</stat>
</total>
<tag>
</tag>
<suite>
<stat pass="1" fail="0" skip="0" id="s1" name="Get">Get</stat>
</suite>
</statistics>
<errors>
<msg timestamp="20250424 14:57:16.354" level="WARN">Keyword 'RequestsLibrary.To Json' is deprecated. Please use ${resp.json()} instead. Have a look at the improved HTML output as pretty printing replacement.</msg>
</errors>
</robot>
